<?xml version="1.0" encoding="UTF-8"?>
<testsuite xmlns:xsi="http://www.w3.org/2001/XMLSchema-instance" xsi:noNamespaceSchemaLocation="https://maven.apache.org/surefire/maven-surefire-plugin/xsd/surefire-test-report-3.0.xsd" version="3.0" name="examples.ExamplesTest" time="5.354" tests="1" errors="0" skipped="0" failures="0">
  <properties>
    <property name="java.specification.version" value="17"/>
    <property name="sun.cpu.isalist" value="amd64"/>
    <property name="sun.jnu.encoding" value="Cp1252"/>
    <property name="java.class.path" value="C:\Users\riido\Documents\Development\2024\AAT-2024-Crowdar\TP11_karate\AAT-TP11-karate\target\test-classes;C:\Users\riido\Documents\Development\2024\AAT-2024-Crowdar\TP11_karate\AAT-TP11-karate\target\classes;C:\Users\riido\.m2\repository\com\intuit\karate\karate-junit5\1.4.0\karate-junit5-1.4.0.jar;C:\Users\riido\.m2\repository\com\intuit\karate\karate-core\1.4.0\karate-core-1.4.0.jar;C:\Users\riido\.m2\repository\org\graalvm\js\js-scriptengine\22.3.0\js-scriptengine-22.3.0.jar;C:\Users\riido\.m2\repository\org\graalvm\sdk\graal-sdk\22.3.0\graal-sdk-22.3.0.jar;C:\Users\riido\.m2\repository\org\graalvm\js\js\22.3.0\js-22.3.0.jar;C:\Users\riido\.m2\repository\org\graalvm\regex\regex\22.3.0\regex-22.3.0.jar;C:\Users\riido\.m2\repository\org\graalvm\truffle\truffle-api\22.3.0\truffle-api-22.3.0.jar;C:\Users\riido\.m2\repository\com\ibm\icu\icu4j\71.1\icu4j-71.1.jar;C:\Users\riido\.m2\repository\org\thymeleaf\thymeleaf\3.0.14.RELEASE\thymeleaf-3.0.14.RELEASE.jar;C:\Users\riido\.m2\repository\ognl\ognl\3.1.26\ognl-3.1.26.jar;C:\Users\riido\.m2\repository\org\javassist\javassist\3.20.0-GA\javassist-3.20.0-GA.jar;C:\Users\riido\.m2\repository\org\attoparser\attoparser\2.0.5.RELEASE\attoparser-2.0.5.RELEASE.jar;C:\Users\riido\.m2\repository\org\unbescape\unbescape\1.1.6.RELEASE\unbescape-1.1.6.RELEASE.jar;C:\Users\riido\.m2\repository\org\slf4j\slf4j-api\1.7.25\slf4j-api-1.7.25.jar;C:\Users\riido\.m2\repository\com\linecorp\armeria\armeria\1.22.0\armeria-1.22.0.jar;C:\Users\riido\.m2\repository\com\fasterxml\jackson\core\jackson-core\2.14.2\jackson-core-2.14.2.jar;C:\Users\riido\.m2\repository\com\fasterxml\jackson\core\jackson-annotations\2.14.2\jackson-annotations-2.14.2.jar;C:\Users\riido\.m2\repository\com\fasterxml\jackson\core\jackson-databind\2.14.2\jackson-databind-2.14.2.jar;C:\Users\riido\.m2\repository\com\fasterxml\jackson\datatype\jackson-datatype-jdk8\2.14.2\jackson-datatype-jdk8-2.14.2.jar;C:\Users\riido\.m2\repository\com\fasterxml\jackson\datatype\jackson-datatype-jsr310\2.14.2\jackson-datatype-jsr310-2.14.2.jar;C:\Users\riido\.m2\repository\io\micrometer\micrometer-core\1.10.3\micrometer-core-1.10.3.jar;C:\Users\riido\.m2\repository\io\micrometer\micrometer-commons\1.10.3\micrometer-commons-1.10.3.jar;C:\Users\riido\.m2\repository\io\micrometer\micrometer-observation\1.10.3\micrometer-observation-1.10.3.jar;C:\Users\riido\.m2\repository\org\hdrhistogram\HdrHistogram\2.1.12\HdrHistogram-2.1.12.jar;C:\Users\riido\.m2\repository\org\latencyutils\LatencyUtils\2.0.3\LatencyUtils-2.0.3.jar;C:\Users\riido\.m2\repository\io\netty\netty-transport\4.1.87.Final\netty-transport-4.1.87.Final.jar;C:\Users\riido\.m2\repository\io\netty\netty-common\4.1.87.Final\netty-common-4.1.87.Final.jar;C:\Users\riido\.m2\repository\io\netty\netty-buffer\4.1.87.Final\netty-buffer-4.1.87.Final.jar;C:\Users\riido\.m2\repository\io\netty\netty-resolver\4.1.87.Final\netty-resolver-4.1.87.Final.jar;C:\Users\riido\.m2\repository\io\netty\netty-codec-haproxy\4.1.87.Final\netty-codec-haproxy-4.1.87.Final.jar;C:\Users\riido\.m2\repository\io\netty\netty-codec\4.1.87.Final\netty-codec-4.1.87.Final.jar;C:\Users\riido\.m2\repository\io\netty\netty-codec-http2\4.1.87.Final\netty-codec-http2-4.1.87.Final.jar;C:\Users\riido\.m2\repository\io\netty\netty-handler\4.1.87.Final\netty-handler-4.1.87.Final.jar;C:\Users\riido\.m2\repository\io\netty\netty-codec-http\4.1.87.Final\netty-codec-http-4.1.87.Final.jar;C:\Users\riido\.m2\repository\io\netty\netty-resolver-dns\4.1.87.Final\netty-resolver-dns-4.1.87.Final.jar;C:\Users\riido\.m2\repository\io\netty\netty-codec-dns\4.1.87.Final\netty-codec-dns-4.1.87.Final.jar;C:\Users\riido\.m2\repository\org\reactivestreams\reactive-streams\1.0.4\reactive-streams-1.0.4.jar;C:\Users\riido\.m2\repository\com\google\code\findbugs\jsr305\3.0.2\jsr305-3.0.2.jar;C:\Users\riido\.m2\repository\io\netty\netty-transport-native-unix-common\4.1.87.Final\netty-transport-native-unix-common-4.1.87.Final-linux-x86_64.jar;C:\Users\riido\.m2\repository\io\netty\netty-transport-native-epoll\4.1.87.Final\netty-transport-native-epoll-4.1.87.Final-linux-x86_64.jar;C:\Users\riido\.m2\repository\io\netty\netty-transport-native-unix-common\4.1.87.Final\netty-transport-native-unix-common-4.1.87.Final.jar;C:\Users\riido\.m2\repository\io\netty\netty-transport-classes-epoll\4.1.87.Final\netty-transport-classes-epoll-4.1.87.Final.jar;C:\Users\riido\.m2\repository\io\netty\netty-resolver-dns-native-macos\4.1.87.Final\netty-resolver-dns-native-macos-4.1.87.Final-osx-x86_64.jar;C:\Users\riido\.m2\repository\io\netty\netty-resolver-dns-classes-macos\4.1.87.Final\netty-resolver-dns-classes-macos-4.1.87.Final.jar;C:\Users\riido\.m2\repository\io\netty\netty-resolver-dns-native-macos\4.1.87.Final\netty-resolver-dns-native-macos-4.1.87.Final-osx-aarch_64.jar;C:\Users\riido\.m2\repository\io\netty\netty-tcnative-boringssl-static\2.0.56.Final\netty-tcnative-boringssl-static-2.0.56.Final-linux-x86_64.jar;C:\Users\riido\.m2\repository\io\netty\netty-tcnative-classes\2.0.56.Final\netty-tcnative-classes-2.0.56.Final.jar;C:\Users\riido\.m2\repository\io\netty\netty-tcnative-boringssl-static\2.0.56.Final\netty-tcnative-boringssl-static-2.0.56.Final-linux-aarch_64.jar;C:\Users\riido\.m2\repository\io\netty\netty-tcnative-boringssl-static\2.0.56.Final\netty-tcnative-boringssl-static-2.0.56.Final-osx-x86_64.jar;C:\Users\riido\.m2\repository\io\netty\netty-tcnative-boringssl-static\2.0.56.Final\netty-tcnative-boringssl-static-2.0.56.Final-osx-aarch_64.jar;C:\Users\riido\.m2\repository\io\netty\netty-tcnative-boringssl-static\2.0.56.Final\netty-tcnative-boringssl-static-2.0.56.Final-windows-x86_64.jar;C:\Users\riido\.m2\repository\io\netty\netty-handler-proxy\4.1.87.Final\netty-handler-proxy-4.1.87.Final.jar;C:\Users\riido\.m2\repository\io\netty\netty-codec-socks\4.1.87.Final\netty-codec-socks-4.1.87.Final.jar;C:\Users\riido\.m2\repository\com\aayushatharva\brotli4j\brotli4j\1.9.0\brotli4j-1.9.0.jar;C:\Users\riido\.m2\repository\org\apache\httpcomponents\httpclient\4.5.14\httpclient-4.5.14.jar;C:\Users\riido\.m2\repository\org\apache\httpcomponents\httpcore\4.4.16\httpcore-4.4.16.jar;C:\Users\riido\.m2\repository\commons-codec\commons-codec\1.11\commons-codec-1.11.jar;C:\Users\riido\.m2\repository\ch\qos\logback\logback-classic\1.2.9\logback-classic-1.2.9.jar;C:\Users\riido\.m2\repository\ch\qos\logback\logback-core\1.2.9\logback-core-1.2.9.jar;C:\Users\riido\.m2\repository\org\slf4j\jcl-over-slf4j\1.7.32\jcl-over-slf4j-1.7.32.jar;C:\Users\riido\.m2\repository\org\antlr\antlr4-runtime\4.11.1\antlr4-runtime-4.11.1.jar;C:\Users\riido\.m2\repository\com\jayway\jsonpath\json-path\2.8.0\json-path-2.8.0.jar;C:\Users\riido\.m2\repository\net\minidev\json-smart\2.4.10\json-smart-2.4.10.jar;C:\Users\riido\.m2\repository\net\minidev\accessors-smart\2.4.9\accessors-smart-2.4.9.jar;C:\Users\riido\.m2\repository\org\ow2\asm\asm\9.3\asm-9.3.jar;C:\Users\riido\.m2\repository\org\yaml\snakeyaml\2.0\snakeyaml-2.0.jar;C:\Users\riido\.m2\repository\de\siegmar\fastcsv\2.2.1\fastcsv-2.2.1.jar;C:\Users\riido\.m2\repository\info\picocli\picocli\4.7.1\picocli-4.7.1.jar;C:\Users\riido\.m2\repository\io\github\classgraph\classgraph\4.8.152\classgraph-4.8.152.jar;C:\Users\riido\.m2\repository\io\github\t12y\resemble\1.0.2\resemble-1.0.2.jar;C:\Users\riido\.m2\repository\io\github\t12y\ssim\1.0.0\ssim-1.0.0.jar;C:\Users\riido\.m2\repository\org\junit\jupiter\junit-jupiter-api\5.9.1\junit-jupiter-api-5.9.1.jar;C:\Users\riido\.m2\repository\org\opentest4j\opentest4j\1.2.0\opentest4j-1.2.0.jar;C:\Users\riido\.m2\repository\org\junit\platform\junit-platform-commons\1.9.1\junit-platform-commons-1.9.1.jar;C:\Users\riido\.m2\repository\org\apiguardian\apiguardian-api\1.1.2\apiguardian-api-1.1.2.jar;C:\Users\riido\.m2\repository\org\junit\jupiter\junit-jupiter-engine\5.9.1\junit-jupiter-engine-5.9.1.jar;C:\Users\riido\.m2\repository\org\junit\platform\junit-platform-engine\1.9.1\junit-platform-engine-1.9.1.jar;"/>
    <property name="java.vm.vendor" value="Oracle Corporation"/>
    <property name="sun.arch.data.model" value="64"/>
    <property name="user.variant" value=""/>
    <property name="java.vendor.url" value="https://java.oracle.com/"/>
    <property name="user.timezone" value="America/Buenos_Aires"/>
    <property name="os.name" value="Windows 11"/>
    <property name="java.vm.specification.version" value="17"/>
    <property name="sun.java.launcher" value="SUN_STANDARD"/>
    <property name="user.country" value="US"/>
    <property name="sun.boot.library.path" value="C:\Program Files\Java\jdk-17\bin"/>
    <property name="sun.java.command" value="C:\Users\riido\AppData\Local\Temp\surefire13700984456671064768\surefirebooter-20240607004845127_3.jar C:\Users\riido\AppData\Local\Temp\surefire13700984456671064768 2024-06-07T00-48-44_856-jvmRun1 surefire-20240607004845127_1tmp surefire_0-20240607004845127_2tmp"/>
    <property name="jdk.debug" value="release"/>
    <property name="surefire.test.class.path" value="C:\Users\riido\Documents\Development\2024\AAT-2024-Crowdar\TP11_karate\AAT-TP11-karate\target\test-classes;C:\Users\riido\Documents\Development\2024\AAT-2024-Crowdar\TP11_karate\AAT-TP11-karate\target\classes;C:\Users\riido\.m2\repository\com\intuit\karate\karate-junit5\1.4.0\karate-junit5-1.4.0.jar;C:\Users\riido\.m2\repository\com\intuit\karate\karate-core\1.4.0\karate-core-1.4.0.jar;C:\Users\riido\.m2\repository\org\graalvm\js\js-scriptengine\22.3.0\js-scriptengine-22.3.0.jar;C:\Users\riido\.m2\repository\org\graalvm\sdk\graal-sdk\22.3.0\graal-sdk-22.3.0.jar;C:\Users\riido\.m2\repository\org\graalvm\js\js\22.3.0\js-22.3.0.jar;C:\Users\riido\.m2\repository\org\graalvm\regex\regex\22.3.0\regex-22.3.0.jar;C:\Users\riido\.m2\repository\org\graalvm\truffle\truffle-api\22.3.0\truffle-api-22.3.0.jar;C:\Users\riido\.m2\repository\com\ibm\icu\icu4j\71.1\icu4j-71.1.jar;C:\Users\riido\.m2\repository\org\thymeleaf\thymeleaf\3.0.14.RELEASE\thymeleaf-3.0.14.RELEASE.jar;C:\Users\riido\.m2\repository\ognl\ognl\3.1.26\ognl-3.1.26.jar;C:\Users\riido\.m2\repository\org\javassist\javassist\3.20.0-GA\javassist-3.20.0-GA.jar;C:\Users\riido\.m2\repository\org\attoparser\attoparser\2.0.5.RELEASE\attoparser-2.0.5.RELEASE.jar;C:\Users\riido\.m2\repository\org\unbescape\unbescape\1.1.6.RELEASE\unbescape-1.1.6.RELEASE.jar;C:\Users\riido\.m2\repository\org\slf4j\slf4j-api\1.7.25\slf4j-api-1.7.25.jar;C:\Users\riido\.m2\repository\com\linecorp\armeria\armeria\1.22.0\armeria-1.22.0.jar;C:\Users\riido\.m2\repository\com\fasterxml\jackson\core\jackson-core\2.14.2\jackson-core-2.14.2.jar;C:\Users\riido\.m2\repository\com\fasterxml\jackson\core\jackson-annotations\2.14.2\jackson-annotations-2.14.2.jar;C:\Users\riido\.m2\repository\com\fasterxml\jackson\core\jackson-databind\2.14.2\jackson-databind-2.14.2.jar;C:\Users\riido\.m2\repository\com\fasterxml\jackson\datatype\jackson-datatype-jdk8\2.14.2\jackson-datatype-jdk8-2.14.2.jar;C:\Users\riido\.m2\repository\com\fasterxml\jackson\datatype\jackson-datatype-jsr310\2.14.2\jackson-datatype-jsr310-2.14.2.jar;C:\Users\riido\.m2\repository\io\micrometer\micrometer-core\1.10.3\micrometer-core-1.10.3.jar;C:\Users\riido\.m2\repository\io\micrometer\micrometer-commons\1.10.3\micrometer-commons-1.10.3.jar;C:\Users\riido\.m2\repository\io\micrometer\micrometer-observation\1.10.3\micrometer-observation-1.10.3.jar;C:\Users\riido\.m2\repository\org\hdrhistogram\HdrHistogram\2.1.12\HdrHistogram-2.1.12.jar;C:\Users\riido\.m2\repository\org\latencyutils\LatencyUtils\2.0.3\LatencyUtils-2.0.3.jar;C:\Users\riido\.m2\repository\io\netty\netty-transport\4.1.87.Final\netty-transport-4.1.87.Final.jar;C:\Users\riido\.m2\repository\io\netty\netty-common\4.1.87.Final\netty-common-4.1.87.Final.jar;C:\Users\riido\.m2\repository\io\netty\netty-buffer\4.1.87.Final\netty-buffer-4.1.87.Final.jar;C:\Users\riido\.m2\repository\io\netty\netty-resolver\4.1.87.Final\netty-resolver-4.1.87.Final.jar;C:\Users\riido\.m2\repository\io\netty\netty-codec-haproxy\4.1.87.Final\netty-codec-haproxy-4.1.87.Final.jar;C:\Users\riido\.m2\repository\io\netty\netty-codec\4.1.87.Final\netty-codec-4.1.87.Final.jar;C:\Users\riido\.m2\repository\io\netty\netty-codec-http2\4.1.87.Final\netty-codec-http2-4.1.87.Final.jar;C:\Users\riido\.m2\repository\io\netty\netty-handler\4.1.87.Final\netty-handler-4.1.87.Final.jar;C:\Users\riido\.m2\repository\io\netty\netty-codec-http\4.1.87.Final\netty-codec-http-4.1.87.Final.jar;C:\Users\riido\.m2\repository\io\netty\netty-resolver-dns\4.1.87.Final\netty-resolver-dns-4.1.87.Final.jar;C:\Users\riido\.m2\repository\io\netty\netty-codec-dns\4.1.87.Final\netty-codec-dns-4.1.87.Final.jar;C:\Users\riido\.m2\repository\org\reactivestreams\reactive-streams\1.0.4\reactive-streams-1.0.4.jar;C:\Users\riido\.m2\repository\com\google\code\findbugs\jsr305\3.0.2\jsr305-3.0.2.jar;C:\Users\riido\.m2\repository\io\netty\netty-transport-native-unix-common\4.1.87.Final\netty-transport-native-unix-common-4.1.87.Final-linux-x86_64.jar;C:\Users\riido\.m2\repository\io\netty\netty-transport-native-epoll\4.1.87.Final\netty-transport-native-epoll-4.1.87.Final-linux-x86_64.jar;C:\Users\riido\.m2\repository\io\netty\netty-transport-native-unix-common\4.1.87.Final\netty-transport-native-unix-common-4.1.87.Final.jar;C:\Users\riido\.m2\repository\io\netty\netty-transport-classes-epoll\4.1.87.Final\netty-transport-classes-epoll-4.1.87.Final.jar;C:\Users\riido\.m2\repository\io\netty\netty-resolver-dns-native-macos\4.1.87.Final\netty-resolver-dns-native-macos-4.1.87.Final-osx-x86_64.jar;C:\Users\riido\.m2\repository\io\netty\netty-resolver-dns-classes-macos\4.1.87.Final\netty-resolver-dns-classes-macos-4.1.87.Final.jar;C:\Users\riido\.m2\repository\io\netty\netty-resolver-dns-native-macos\4.1.87.Final\netty-resolver-dns-native-macos-4.1.87.Final-osx-aarch_64.jar;C:\Users\riido\.m2\repository\io\netty\netty-tcnative-boringssl-static\2.0.56.Final\netty-tcnative-boringssl-static-2.0.56.Final-linux-x86_64.jar;C:\Users\riido\.m2\repository\io\netty\netty-tcnative-classes\2.0.56.Final\netty-tcnative-classes-2.0.56.Final.jar;C:\Users\riido\.m2\repository\io\netty\netty-tcnative-boringssl-static\2.0.56.Final\netty-tcnative-boringssl-static-2.0.56.Final-linux-aarch_64.jar;C:\Users\riido\.m2\repository\io\netty\netty-tcnative-boringssl-static\2.0.56.Final\netty-tcnative-boringssl-static-2.0.56.Final-osx-x86_64.jar;C:\Users\riido\.m2\repository\io\netty\netty-tcnative-boringssl-static\2.0.56.Final\netty-tcnative-boringssl-static-2.0.56.Final-osx-aarch_64.jar;C:\Users\riido\.m2\repository\io\netty\netty-tcnative-boringssl-static\2.0.56.Final\netty-tcnative-boringssl-static-2.0.56.Final-windows-x86_64.jar;C:\Users\riido\.m2\repository\io\netty\netty-handler-proxy\4.1.87.Final\netty-handler-proxy-4.1.87.Final.jar;C:\Users\riido\.m2\repository\io\netty\netty-codec-socks\4.1.87.Final\netty-codec-socks-4.1.87.Final.jar;C:\Users\riido\.m2\repository\com\aayushatharva\brotli4j\brotli4j\1.9.0\brotli4j-1.9.0.jar;C:\Users\riido\.m2\repository\org\apache\httpcomponents\httpclient\4.5.14\httpclient-4.5.14.jar;C:\Users\riido\.m2\repository\org\apache\httpcomponents\httpcore\4.4.16\httpcore-4.4.16.jar;C:\Users\riido\.m2\repository\commons-codec\commons-codec\1.11\commons-codec-1.11.jar;C:\Users\riido\.m2\repository\ch\qos\logback\logback-classic\1.2.9\logback-classic-1.2.9.jar;C:\Users\riido\.m2\repository\ch\qos\logback\logback-core\1.2.9\logback-core-1.2.9.jar;C:\Users\riido\.m2\repository\org\slf4j\jcl-over-slf4j\1.7.32\jcl-over-slf4j-1.7.32.jar;C:\Users\riido\.m2\repository\org\antlr\antlr4-runtime\4.11.1\antlr4-runtime-4.11.1.jar;C:\Users\riido\.m2\repository\com\jayway\jsonpath\json-path\2.8.0\json-path-2.8.0.jar;C:\Users\riido\.m2\repository\net\minidev\json-smart\2.4.10\json-smart-2.4.10.jar;C:\Users\riido\.m2\repository\net\minidev\accessors-smart\2.4.9\accessors-smart-2.4.9.jar;C:\Users\riido\.m2\repository\org\ow2\asm\asm\9.3\asm-9.3.jar;C:\Users\riido\.m2\repository\org\yaml\snakeyaml\2.0\snakeyaml-2.0.jar;C:\Users\riido\.m2\repository\de\siegmar\fastcsv\2.2.1\fastcsv-2.2.1.jar;C:\Users\riido\.m2\repository\info\picocli\picocli\4.7.1\picocli-4.7.1.jar;C:\Users\riido\.m2\repository\io\github\classgraph\classgraph\4.8.152\classgraph-4.8.152.jar;C:\Users\riido\.m2\repository\io\github\t12y\resemble\1.0.2\resemble-1.0.2.jar;C:\Users\riido\.m2\repository\io\github\t12y\ssim\1.0.0\ssim-1.0.0.jar;C:\Users\riido\.m2\repository\org\junit\jupiter\junit-jupiter-api\5.9.1\junit-jupiter-api-5.9.1.jar;C:\Users\riido\.m2\repository\org\opentest4j\opentest4j\1.2.0\opentest4j-1.2.0.jar;C:\Users\riido\.m2\repository\org\junit\platform\junit-platform-commons\1.9.1\junit-platform-commons-1.9.1.jar;C:\Users\riido\.m2\repository\org\apiguardian\apiguardian-api\1.1.2\apiguardian-api-1.1.2.jar;C:\Users\riido\.m2\repository\org\junit\jupiter\junit-jupiter-engine\5.9.1\junit-jupiter-engine-5.9.1.jar;C:\Users\riido\.m2\repository\org\junit\platform\junit-platform-engine\1.9.1\junit-platform-engine-1.9.1.jar;"/>
    <property name="sun.cpu.endian" value="little"/>
    <property name="user.home" value="C:\Users\riido"/>
    <property name="user.language" value="en"/>
    <property name="java.specification.vendor" value="Oracle Corporation"/>
    <property name="java.version.date" value="2023-07-18"/>
    <property name="java.home" value="C:\Program Files\Java\jdk-17"/>
    <property name="file.separator" value="\"/>
    <property name="basedir" value="C:\Users\riido\Documents\Development\2024\AAT-2024-Crowdar\TP11_karate\AAT-TP11-karate"/>
    <property name="java.vm.compressedOopsMode" value="Zero based"/>
    <property name="line.separator" value="&#10;"/>
    <property name="java.vm.specification.vendor" value="Oracle Corporation"/>
    <property name="java.specification.name" value="Java Platform API Specification"/>
    <property name="karate.options" value="--tags @GetTimeEntries"/>
    <property name="surefire.real.class.path" value="C:\Users\riido\AppData\Local\Temp\surefire13700984456671064768\surefirebooter-20240607004845127_3.jar"/>
    <property name="user.script" value=""/>
    <property name="sun.management.compiler" value="HotSpot 64-Bit Tiered Compilers"/>
    <property name="java.runtime.version" value="17.0.8+9-LTS-211"/>
    <property name="user.name" value="riido"/>
    <property name="path.separator" value=";"/>
    <property name="os.version" value="10.0"/>
    <property name="java.runtime.name" value="Java(TM) SE Runtime Environment"/>
    <property name="file.encoding" value="UTF-8"/>
    <property name="java.vm.name" value="Java HotSpot(TM) 64-Bit Server VM"/>
    <property name="localRepository" value="C:\Users\riido\.m2\repository"/>
    <property name="java.vendor.url.bug" value="https://bugreport.java.com/bugreport/"/>
    <property name="java.io.tmpdir" value="C:\Users\riido\AppData\Local\Temp\"/>
    <property name="idea.version" value="2024.1.2"/>
    <property name="java.version" value="17.0.8"/>
    <property name="user.dir" value="C:\Users\riido\Documents\Development\2024\AAT-2024-Crowdar\TP11_karate\AAT-TP11-karate"/>
    <property name="os.arch" value="amd64"/>
    <property name="java.vm.specification.name" value="Java Virtual Machine Specification"/>
    <property name="sun.os.patch.level" value=""/>
    <property name="native.encoding" value="Cp1252"/>
    <property name="java.library.path" value="C:\Program Files\Java\jdk-17\bin;C:\windows\Sun\Java\bin;C:\windows\system32;C:\windows;C:\Users\riido\AppData\Local\Android\Sdk\platform-tools;C:\windows\system32;C:\windows;C:\windows\System32\Wbem;C:\windows\System32\WindowsPowerShell\v1.0\;C:\windows\System32\OpenSSH\;C:\Program Files\nodejs\;C:\Program Files\dotnet\;C:\apache-maven-3.9.4\bin\;C:\Program Files\Java\jdk-17\bin\;C:\Program Files\Docker\Docker\resources\bin;C:\Program Files\HP\HP One Agent;C:\ProgramData\chocolatey\bin;C:\Program Files\Git\cmd;C:\Users\riido\AppData\Local\Programs\Python\Launcher\;C:\Users\riido\AppData\Local\Microsoft\WindowsApps;C:\Users\riido\AppData\Local\Programs\Microsoft VS Code\bin;C:\Users\riido\AppData\Roaming\npm;C:\Users\riido\AppData\Local\GitHubDesktop\bin;C:\Users\riido\AppData\Local\Microsoft\WinGet\Packages\yt-dlp.yt-dlp_Microsoft.Winget.Source_8wekyb3d8bbwe;C:\Users\riido\AppData\Local\Microsoft\WinGet\Packages\Gyan.FFmpeg_Microsoft.Winget.Source_8wekyb3d8bbwe\ffmpeg-6.0-full_build\bin;%ANDROID:HOME%\tool;;."/>
    <property name="java.vm.info" value="mixed mode, sharing"/>
    <property name="java.vendor" value="Oracle Corporation"/>
    <property name="java.vm.version" value="17.0.8+9-LTS-211"/>
    <property name="sun.io.unicode.encoding" value="UnicodeLittle"/>
    <property name="java.class.version" value="61.0"/>
  </properties>
  <testcase name="testParallel" classname="examples.ExamplesTest" time="5.335">
    <system-out><![CDATA[00:48:46.148 [main] INFO  com.intuit.karate.Runner - using system property 'karate.options': --tags @GetTimeEntries
00:48:46.895 [main] DEBUG com.intuit.karate.Suite - [config] classpath:karate-config.js
00:48:47.935 [pool-2-thread-1] INFO  com.intuit.karate - karate.env system property was: null 
00:48:47.975 [pool-2-thread-1] INFO  c.intuit.karate.core.FeatureRuntime - classpath:examples/clockifyTP11/clockify.feature - call by tag at line 9: GetWorkspaces
00:48:48.225 [pool-2-thread-1] DEBUG com.intuit.karate - request:
1 > GET https://api.clockify.me/api/v1/workspaces
1 > x-api-key: ZjdkMjY5MmEtNGM1MS00ZTdiLTlmNzAtYjA4YmEyY2Q3OGVk
1 > Host: api.clockify.me
1 > Connection: Keep-Alive
1 > User-Agent: Apache-HttpClient/4.5.14 (Java/17.0.8)
1 > Accept-Encoding: gzip,deflate


00:48:49.427 [pool-2-thread-1] DEBUG com.intuit.karate - response time in milliseconds: 1197
1 < 200
1 < Date: Fri, 07 Jun 2024 03:48:49 GMT
1 < Content-Type: application/json
1 < Transfer-Encoding: chunked
1 < Connection: keep-alive
1 < Cache-Control: no-cache, no-store, max-age=0, must-revalidate
1 < Expected-Client-Version: 1.0.0
1 < Expires: 0
1 < Pragma: no-cache
1 < Strict-Transport-Security: max-age=31536000 ; includeSubDomains
1 < Vary: Origin
1 < Vary: Access-Control-Request-Method
1 < Vary: Access-Control-Request-Headers
1 < X-Auth-Checksum: b2f13ab25ead7d939b768a42cd5ba050da088a1058e76120afa944da95ecb22d
1 < X-Content-Type-Options: nosniff
1 < X-Frame-Options: DENY
1 < X-Xss-Protection: 0
[{"id":"661852bc9a7c235bdeccd1c0","name":"AAT - TP1 Gherkin","hourlyRate":{"amount":0,"currency":"USD"},"costRate":{"amount":0,"currency":"USD"},"memberships":[{"userId":"65383a07205d0441c5269f46","hourlyRate":null,"costRate":null,"targetId":"661852bc9a7c235bdeccd1c0","membershipType":"WORKSPACE","membershipStatus":"ACTIVE"}],"workspaceSettings":{"timeRoundingInReports":false,"onlyAdminsSeeBillableRates":true,"onlyAdminsCreateProject":true,"onlyAdminsSeeDashboard":false,"defaultBillableProjects":true,"lockTimeEntries":null,"lockTimeZone":null,"round":{"round":"Round to nearest","minutes":"15"},"projectFavorites":true,"canSeeTimeSheet":false,"canSeeTracker":true,"projectPickerSpecialFilter":false,"forceProjects":false,"forceTasks":false,"forceTags":false,"forceDescription":false,"onlyAdminsSeeAllTimeEntries":false,"onlyAdminsSeePublicProjectsEntries":false,"trackTimeDownToSecond":true,"projectGroupingLabel":"client","adminOnlyPages":[],"automaticLock":null,"onlyAdminsCreateTag":false,"onlyAdminsCreateTask":false,"timeTrackingMode":"DEFAULT","multiFactorEnabled":false,"numberFormat":"PERIOD_COMMA","currencyFormat":"VALUE_SPACE_CURRENCY","decimalFormat":false,"isProjectPublicByDefault":true},"imageUrl":"","featureSubscriptionType":"FREE","features":["TIME_TRACKING","KIOSK"],"currencies":[{"id":"661852bc9a7c235bdeccd1c1","code":"USD","isDefault":true}],"subdomain":{"name":null,"enabled":false}},{"id":"6631a76d5e8ef3683b67dcc6","name":"TP3_WEB","hourlyRate":{"amount":0,"currency":"USD"},"costRate":{"amount":0,"currency":"USD"},"memberships":[{"userId":"65383a07205d0441c5269f46","hourlyRate":null,"costRate":null,"targetId":"6631a76d5e8ef3683b67dcc6","membershipType":"WORKSPACE","membershipStatus":"ACTIVE"}],"workspaceSettings":{"timeRoundingInReports":false,"onlyAdminsSeeBillableRates":true,"onlyAdminsCreateProject":true,"onlyAdminsSeeDashboard":false,"defaultBillableProjects":false,"lockTimeEntries":null,"lockTimeZone":null,"round":{"round":"Round to nearest","minutes":"15"},"projectFavorites":true,"canSeeTimeSheet":false,"canSeeTracker":true,"projectPickerSpecialFilter":false,"forceProjects":false,"forceTasks":false,"forceTags":false,"forceDescription":false,"onlyAdminsSeeAllTimeEntries":false,"onlyAdminsSeePublicProjectsEntries":false,"trackTimeDownToSecond":true,"projectGroupingLabel":"client","adminOnlyPages":[],"automaticLock":null,"onlyAdminsCreateTag":false,"onlyAdminsCreateTask":false,"timeTrackingMode":"DEFAULT","multiFactorEnabled":false,"numberFormat":"PERIOD_COMMA","currencyFormat":"VALUE_SPACE_CURRENCY","decimalFormat":false,"isProjectPublicByDefault":true},"imageUrl":"","featureSubscriptionType":"FREE","features":["TIME_TRACKING","KIOSK"],"currencies":[{"id":"6631a76d5e8ef3683b67dcc7","code":"USD","isDefault":true}],"subdomain":{"name":null,"enabled":false}},{"id":"66334784fdaf936e90223d5f","name":"workspace_KncxI","hourlyRate":{"amount":0,"currency":"USD"},"costRate":{"amount":0,"currency":"USD"},"memberships":[{"userId":"65383a07205d0441c5269f46","hourlyRate":null,"costRate":null,"targetId":"66334784fdaf936e90223d5f","membershipType":"WORKSPACE","membershipStatus":"ACTIVE"}],"workspaceSettings":{"timeRoundingInReports":false,"onlyAdminsSeeBillableRates":true,"onlyAdminsCreateProject":true,"onlyAdminsSeeDashboard":false,"defaultBillableProjects":true,"lockTimeEntries":null,"lockTimeZone":null,"round":{"round":"Round to nearest","minutes":"15"},"projectFavorites":true,"canSeeTimeSheet":false,"canSeeTracker":true,"projectPickerSpecialFilter":false,"forceProjects":false,"forceTasks":false,"forceTags":false,"forceDescription":false,"onlyAdminsSeeAllTimeEntries":false,"onlyAdminsSeePublicProjectsEntries":false,"trackTimeDownToSecond":true,"projectGroupingLabel":"client","adminOnlyPages":[],"automaticLock":null,"onlyAdminsCreateTag":false,"onlyAdminsCreateTask":false,"timeTrackingMode":"DEFAULT","multiFactorEnabled":false,"numberFormat":"PERIOD_COMMA","currencyFormat":"VALUE_SPACE_CURRENCY","decimalFormat":false,"isProjectPublicByDefault":true},"imageUrl":"","featureSubscriptionType":"FREE","features":["TIME_TRACKING","KIOSK"],"currencies":[{"id":"66334784fdaf936e90223d60","code":"USD","isDefault":true}],"subdomain":{"name":null,"enabled":false}},{"id":"6637d1a55e8ef3683be25af9","name":"TP4_LowCode","hourlyRate":{"amount":0,"currency":"USD"},"costRate":{"amount":0,"currency":"USD"},"memberships":[{"userId":"65383a07205d0441c5269f46","hourlyRate":null,"costRate":null,"targetId":"6637d1a55e8ef3683be25af9","membershipType":"WORKSPACE","membershipStatus":"ACTIVE"}],"workspaceSettings":{"timeRoundingInReports":false,"onlyAdminsSeeBillableRates":true,"onlyAdminsCreateProject":true,"onlyAdminsSeeDashboard":false,"defaultBillableProjects":true,"lockTimeEntries":null,"lockTimeZone":null,"round":{"round":"Round to nearest","minutes":"15"},"projectFavorites":true,"canSeeTimeSheet":false,"canSeeTracker":true,"projectPickerSpecialFilter":false,"forceProjects":false,"forceTasks":false,"forceTags":false,"forceDescription":false,"onlyAdminsSeeAllTimeEntries":false,"onlyAdminsSeePublicProjectsEntries":false,"trackTimeDownToSecond":true,"projectGroupingLabel":"client","adminOnlyPages":[],"automaticLock":null,"onlyAdminsCreateTag":false,"onlyAdminsCreateTask":false,"timeTrackingMode":"DEFAULT","multiFactorEnabled":false,"numberFormat":"PERIOD_COMMA","currencyFormat":"VALUE_SPACE_CURRENCY","decimalFormat":false,"isProjectPublicByDefault":true},"imageUrl":"","featureSubscriptionType":"FREE","features":["TIME_TRACKING","KIOSK"],"currencies":[{"id":"6637d1a55e8ef3683be25afa","code":"USD","isDefault":true}],"subdomain":{"name":null,"enabled":false}},{"id":"663d46cae45cba7471bfe206","name":"TP5_LowCode","hourlyRate":{"amount":0,"currency":"USD"},"costRate":{"amount":0,"currency":"USD"},"memberships":[{"userId":"65383a07205d0441c5269f46","hourlyRate":null,"costRate":null,"targetId":"663d46cae45cba7471bfe206","membershipType":"WORKSPACE","membershipStatus":"ACTIVE"}],"workspaceSettings":{"timeRoundingInReports":false,"onlyAdminsSeeBillableRates":true,"onlyAdminsCreateProject":true,"onlyAdminsSeeDashboard":false,"defaultBillableProjects":true,"lockTimeEntries":null,"lockTimeZone":null,"round":{"round":"Round to nearest","minutes":"15"},"projectFavorites":true,"canSeeTimeSheet":false,"canSeeTracker":true,"projectPickerSpecialFilter":false,"forceProjects":false,"forceTasks":false,"forceTags":false,"forceDescription":false,"onlyAdminsSeeAllTimeEntries":false,"onlyAdminsSeePublicProjectsEntries":false,"trackTimeDownToSecond":true,"projectGroupingLabel":"client","adminOnlyPages":[],"automaticLock":null,"onlyAdminsCreateTag":false,"onlyAdminsCreateTask":false,"timeTrackingMode":"DEFAULT","multiFactorEnabled":false,"numberFormat":"PERIOD_COMMA","currencyFormat":"VALUE_SPACE_CURRENCY","decimalFormat":false,"isProjectPublicByDefault":true},"imageUrl":"","featureSubscriptionType":"FREE","features":["TIME_TRACKING","KIOSK"],"currencies":[{"id":"663d46cae45cba7471bfe207","code":"USD","isDefault":true}],"subdomain":{"name":null,"enabled":false}},{"id":"6658b4606b12ad6955eddf60","name":"Created for TP5","hourlyRate":{"amount":0,"currency":"USD"},"costRate":{"amount":0,"currency":"USD"},"memberships":[{"userId":"65383a07205d0441c5269f46","hourlyRate":null,"costRate":null,"targetId":"6658b4606b12ad6955eddf60","membershipType":"WORKSPACE","membershipStatus":"ACTIVE"}],"workspaceSettings":{"timeRoundingInReports":false,"onlyAdminsSeeBillableRates":true,"onlyAdminsCreateProject":true,"onlyAdminsSeeDashboard":false,"defaultBillableProjects":true,"lockTimeEntries":null,"lockTimeZone":null,"round":{"round":"Round to nearest","minutes":"15"},"projectFavorites":true,"canSeeTimeSheet":false,"canSeeTracker":true,"projectPickerSpecialFilter":false,"forceProjects":false,"forceTasks":false,"forceTags":false,"forceDescription":false,"onlyAdminsSeeAllTimeEntries":false,"onlyAdminsSeePublicProjectsEntries":false,"trackTimeDownToSecond":true,"projectGroupingLabel":"client","adminOnlyPages":[],"automaticLock":null,"onlyAdminsCreateTag":false,"onlyAdminsCreateTask":false,"timeTrackingMode":"DEFAULT","multiFactorEnabled":false,"numberFormat":"PERIOD_COMMA","currencyFormat":"VALUE_SPACE_CURRENCY","decimalFormat":false,"isProjectPublicByDefault":true},"imageUrl":"","featureSubscriptionType":"FREE","features":["TIME_TRACKING","KIOSK"],"currencies":[{"id":"6658b4606b12ad6955eddf61","code":"USD","isDefault":true}],"subdomain":{"name":null,"enabled":false}},{"id":"6658fa08e4e4210690958492","name":"TP11_Karate","hourlyRate":{"amount":0,"currency":"USD"},"costRate":{"amount":0,"currency":"USD"},"memberships":[{"userId":"65383a07205d0441c5269f46","hourlyRate":null,"costRate":null,"targetId":"6658fa08e4e4210690958492","membershipType":"WORKSPACE","membershipStatus":"ACTIVE"}],"workspaceSettings":{"timeRoundingInReports":false,"onlyAdminsSeeBillableRates":true,"onlyAdminsCreateProject":true,"onlyAdminsSeeDashboard":false,"defaultBillableProjects":true,"lockTimeEntries":null,"lockTimeZone":null,"round":{"round":"Round to nearest","minutes":"15"},"projectFavorites":true,"canSeeTimeSheet":true,"canSeeTracker":true,"projectPickerSpecialFilter":false,"forceProjects":true,"forceTasks":false,"forceTags":false,"forceDescription":false,"onlyAdminsSeeAllTimeEntries":false,"onlyAdminsSeePublicProjectsEntries":false,"trackTimeDownToSecond":true,"projectGroupingLabel":"client","adminOnlyPages":[],"automaticLock":null,"onlyAdminsCreateTag":false,"onlyAdminsCreateTask":false,"timeTrackingMode":"DEFAULT","multiFactorEnabled":false,"numberFormat":"PERIOD_COMMA","currencyFormat":"VALUE_SPACE_CURRENCY","decimalFormat":false,"isProjectPublicByDefault":true},"imageUrl":"","featureSubscriptionType":"FREE","features":["TIME_TRACKING","KIOSK"],"currencies":[{"id":"6658fa08e4e4210690958493","code":"USD","isDefault":true}],"subdomain":{"name":null,"enabled":false}}]

00:48:49.460 [pool-2-thread-1] INFO  com.intuit.karate - [print] 6658fa08e4e4210690958492 
00:48:49.491 [pool-2-thread-1] DEBUG com.intuit.karate - request:
1 > GET https://api.clockify.me/api/v1/workspaces/6658fa08e4e4210690958492/user/65383a07205d0441c5269f46/time-entries?start=2024-05-31T11%3A00%3A00Z&end=2024-06-03T17%3A00%3A00Z
1 > x-api-key: ZjdkMjY5MmEtNGM1MS00ZTdiLTlmNzAtYjA4YmEyY2Q3OGVk
1 > Host: api.clockify.me
1 > Connection: Keep-Alive
1 > User-Agent: Apache-HttpClient/4.5.14 (Java/17.0.8)
1 > Accept-Encoding: gzip,deflate


00:48:50.248 [pool-2-thread-1] DEBUG com.intuit.karate - response time in milliseconds: 756
1 < 200
1 < Date: Fri, 07 Jun 2024 03:48:49 GMT
1 < Content-Type: application/json
1 < Content-Length: 948
1 < Connection: keep-alive
1 < Cache-Control: no-cache, no-store, max-age=0, must-revalidate
1 < Expected-Client-Version: 1.0.0
1 < Expires: 0
1 < Pragma: no-cache
1 < Strict-Transport-Security: max-age=31536000 ; includeSubDomains
1 < Vary: Origin
1 < Vary: Access-Control-Request-Method
1 < Vary: Access-Control-Request-Headers
1 < X-Auth-Checksum: b2f13ab25ead7d939b768a42cd5ba050da088a1058e76120afa944da95ecb22d
1 < X-Content-Type-Options: nosniff
1 < X-Frame-Options: DENY
1 < X-Xss-Protection: 0
[{"id":"6661e259c2c9cc1caaa4034b","description":"test_entry","tagIds":null,"userId":"65383a07205d0441c5269f46","billable":true,"taskId":null,"projectId":"66615915e724bc684c39c3e7","workspaceId":"6658fa08e4e4210690958492","timeInterval":{"start":"2024-06-03T16:09:00Z","end":"2024-06-03T17:00:00Z","duration":"PT51M"},"customFieldValues":[],"type":"REGULAR","kioskId":null,"hourlyRate":{"amount":0,"currency":"USD"},"costRate":{"amount":0,"currency":"USD"},"isLocked":false},{"id":"6661ea6585def31fcdc7e549","description":"test_entry_2","tagIds":null,"userId":"65383a07205d0441c5269f46","billable":true,"taskId":null,"projectId":"66615915e724bc684c39c3e7","workspaceId":"6658fa08e4e4210690958492","timeInterval":{"start":"2024-06-01T11:00:00Z","end":"2024-06-01T17:00:00Z","duration":"PT6H"},"customFieldValues":[],"type":"REGULAR","kioskId":null,"hourlyRate":{"amount":0,"currency":"USD"},"costRate":{"amount":0,"currency":"USD"},"isLocked":false}]

00:48:50.282 [pool-2-thread-1] INFO  com.intuit.karate - [print] Total Hours: 6.85 
---------------------------------------------------------
feature: classpath:examples/clockifyTP11/clockify.feature
scenarios:  1 | passed:  1 | failed:  0 | time: 2.3167
---------------------------------------------------------

00:48:50.969 [pool-3-thread-1] INFO  com.intuit.karate.Suite - <<pass>> feature 1 of 1 (0 remaining) classpath:examples/clockifyTP11/clockify.feature
Karate version: 1.4.0
======================================================
elapsed:   4.83 | threads:    5 | thread time: 2.32 
features:     1 | skipped:    0 | efficiency: 0.10
scenarios:    1 | passed:     1 | failed: 0
======================================================

HTML report: (paste into browser to view) | Karate version: 1.4.0
file:///C:/Users/riido/Documents/Development/2024/AAT-2024-Crowdar/TP11_karate/AAT-TP11-karate/target/karate-reports/karate-summary.html
===================================================================

]]></system-out>
  </testcase>
</testsuite>